<?xml version="1.0" encoding="UTF-8"?>
<testsuite xmlns:xsi="http://www.w3.org/2001/XMLSchema-instance" xsi:noNamespaceSchemaLocation="https://maven.apache.org/surefire/maven-surefire-plugin/xsd/surefire-test-report-3.0.xsd" version="3.0" name="com.manueljenni.poker.HandComparerTest" time="0.073" tests="11" errors="0" skipped="0" failures="0">
  <properties>
    <property name="java.specification.version" value="18"/>
    <property name="sun.cpu.isalist" value="amd64"/>
    <property name="sun.jnu.encoding" value="Cp1252"/>
    <property name="java.class.path" value="D:\3 Leisure\PokerEvaluator\target\test-classes;D:\3 Leisure\PokerEvaluator\target\classes;C:\Users\manue\.m2\repository\org\projectlombok\lombok\1.18.24\lombok-1.18.24.jar;C:\Users\manue\.m2\repository\org\junit\jupiter\junit-jupiter\5.9.0-RC1\junit-jupiter-5.9.0-RC1.jar;C:\Users\manue\.m2\repository\org\junit\jupiter\junit-jupiter-api\5.9.0-RC1\junit-jupiter-api-5.9.0-RC1.jar;C:\Users\manue\.m2\repository\org\opentest4j\opentest4j\1.2.0\opentest4j-1.2.0.jar;C:\Users\manue\.m2\repository\org\junit\platform\junit-platform-commons\1.9.0-RC1\junit-platform-commons-1.9.0-RC1.jar;C:\Users\manue\.m2\repository\org\apiguardian\apiguardian-api\1.1.2\apiguardian-api-1.1.2.jar;C:\Users\manue\.m2\repository\org\junit\jupiter\junit-jupiter-params\5.9.0-RC1\junit-jupiter-params-5.9.0-RC1.jar;C:\Users\manue\.m2\repository\org\junit\jupiter\junit-jupiter-engine\5.9.0-RC1\junit-jupiter-engine-5.9.0-RC1.jar;C:\Users\manue\.m2\repository\org\junit\platform\junit-platform-engine\1.9.0-RC1\junit-platform-engine-1.9.0-RC1.jar;"/>
    <property name="java.vm.vendor" value="Oracle Corporation"/>
    <property name="sun.arch.data.model" value="64"/>
    <property name="user.variant" value=""/>
    <property name="java.vendor.url" value="https://java.oracle.com/"/>
    <property name="user.timezone" value="Europe/Zurich"/>
    <property name="os.name" value="Windows 11"/>
    <property name="java.vm.specification.version" value="18"/>
    <property name="sun.java.launcher" value="SUN_STANDARD"/>
    <property name="user.country" value="US"/>
    <property name="sun.boot.library.path" value="C:\Program Files\Java\jdk-18.0.1.1\bin"/>
    <property name="sun.java.command" value="C:\Users\manue\AppData\Local\Temp\surefire12870848255705427605\surefirebooter-20220710181835280_3.jar C:\Users\manue\AppData\Local\Temp\surefire12870848255705427605 2022-07-10T18-18-34_965-jvmRun1 surefire-20220710181835280_1tmp surefire_0-20220710181835280_2tmp"/>
    <property name="jdk.debug" value="release"/>
    <property name="surefire.test.class.path" value="D:\3 Leisure\PokerEvaluator\target\test-classes;D:\3 Leisure\PokerEvaluator\target\classes;C:\Users\manue\.m2\repository\org\projectlombok\lombok\1.18.24\lombok-1.18.24.jar;C:\Users\manue\.m2\repository\org\junit\jupiter\junit-jupiter\5.9.0-RC1\junit-jupiter-5.9.0-RC1.jar;C:\Users\manue\.m2\repository\org\junit\jupiter\junit-jupiter-api\5.9.0-RC1\junit-jupiter-api-5.9.0-RC1.jar;C:\Users\manue\.m2\repository\org\opentest4j\opentest4j\1.2.0\opentest4j-1.2.0.jar;C:\Users\manue\.m2\repository\org\junit\platform\junit-platform-commons\1.9.0-RC1\junit-platform-commons-1.9.0-RC1.jar;C:\Users\manue\.m2\repository\org\apiguardian\apiguardian-api\1.1.2\apiguardian-api-1.1.2.jar;C:\Users\manue\.m2\repository\org\junit\jupiter\junit-jupiter-params\5.9.0-RC1\junit-jupiter-params-5.9.0-RC1.jar;C:\Users\manue\.m2\repository\org\junit\jupiter\junit-jupiter-engine\5.9.0-RC1\junit-jupiter-engine-5.9.0-RC1.jar;C:\Users\manue\.m2\repository\org\junit\platform\junit-platform-engine\1.9.0-RC1\junit-platform-engine-1.9.0-RC1.jar;"/>
    <property name="sun.cpu.endian" value="little"/>
    <property name="user.home" value="C:\Users\manue"/>
    <property name="user.language" value="en"/>
    <property name="java.specification.vendor" value="Oracle Corporation"/>
    <property name="java.version.date" value="2022-04-22"/>
    <property name="java.home" value="C:\Program Files\Java\jdk-18.0.1.1"/>
    <property name="file.separator" value="\"/>
    <property name="basedir" value="D:\3 Leisure\PokerEvaluator"/>
    <property name="java.vm.compressedOopsMode" value="Zero based"/>
    <property name="line.separator" value="&#10;"/>
    <property name="java.vm.specification.vendor" value="Oracle Corporation"/>
    <property name="java.specification.name" value="Java Platform API Specification"/>
    <property name="surefire.real.class.path" value="C:\Users\manue\AppData\Local\Temp\surefire12870848255705427605\surefirebooter-20220710181835280_3.jar"/>
    <property name="user.script" value=""/>
    <property name="sun.management.compiler" value="HotSpot 64-Bit Tiered Compilers"/>
    <property name="java.runtime.version" value="18.0.1.1+2-6"/>
    <property name="user.name" value="manue"/>
    <property name="path.separator" value=";"/>
    <property name="os.version" value="10.0"/>
    <property name="java.runtime.name" value="Java(TM) SE Runtime Environment"/>
    <property name="file.encoding" value="UTF-8"/>
    <property name="java.vm.name" value="Java HotSpot(TM) 64-Bit Server VM"/>
    <property name="localRepository" value="C:\Users\manue\.m2\repository"/>
    <property name="java.vendor.url.bug" value="https://bugreport.java.com/bugreport/"/>
    <property name="java.io.tmpdir" value="C:\Users\manue\AppData\Local\Temp\"/>
    <property name="java.version" value="18.0.1.1"/>
    <property name="user.dir" value="D:\3 Leisure\PokerEvaluator"/>
    <property name="os.arch" value="amd64"/>
    <property name="java.vm.specification.name" value="Java Virtual Machine Specification"/>
    <property name="sun.os.patch.level" value=""/>
    <property name="native.encoding" value="Cp1252"/>
    <property name="java.library.path" value="C:\Program Files\Java\jdk-18.0.1.1\bin;C:\WINDOWS\Sun\Java\bin;C:\WINDOWS\system32;C:\WINDOWS;C:\Program Files (x86)\Razer\ChromaBroadcast\bin;C:\Program Files\Razer\ChromaBroadcast\bin;C:\WINDOWS\system32;C:\WINDOWS;C:\WINDOWS\System32\Wbem;C:\WINDOWS\System32\WindowsPowerShell\v1.0\;C:\WINDOWS\System32\OpenSSH\;C:\Program Files\dotnet\;C:\Program Files\nodejs\;C:\Program Files\Java\jdk-18.0.1.1\bin;C:\Program Files\apache-maven-3.8.5\bin;C:\Program Files\Docker\Docker\resources\bin;C:\ProgramData\DockerDesktop\version-bin;C:\WINDOWS\system32\config\systemprofile\AppData\Local\Microsoft\WindowsApps;D:\1 Programs\Git\cmd;C:\Program Files\MySQL\MySQL Shell 8.0\bin\;C:\Users\manue\AppData\Local\Microsoft\WindowsApps;C:\Users\manue\AppData\Local\atom\bin;D:\1 Programs\Microsoft VS Code\bin;C:\Users\manue\AppData\Roaming\npm;C:\Users\manue\AppData\Local\GitHubDesktop\bin;C:\Program Files\Heroku\bin;."/>
    <property name="java.vm.info" value="mixed mode, sharing"/>
    <property name="java.vendor" value="Oracle Corporation"/>
    <property name="java.vm.version" value="18.0.1.1+2-6"/>
    <property name="sun.io.unicode.encoding" value="UnicodeLittle"/>
    <property name="java.class.version" value="62.0"/>
  </properties>
  <testcase name="getWinningHand__TwoPairsEqual" classname="com.manueljenni.poker.HandComparerTest" time="0.034"/>
  <testcase name="getWinningHand__highCard" classname="com.manueljenni.poker.HandComparerTest" time="0.001"/>
  <testcase name="getWinningHand__ThreeAKind" classname="com.manueljenni.poker.HandComparerTest" time="0.001"/>
  <testcase name="getWinningHand__differentTypes" classname="com.manueljenni.poker.HandComparerTest" time="0.001"/>
  <testcase name="getWinningHand__FourAKind" classname="com.manueljenni.poker.HandComparerTest" time="0.003"/>
  <testcase name="getWinningHand__Pair" classname="com.manueljenni.poker.HandComparerTest" time="0.002"/>
  <testcase name="getWinningHand__Flush" classname="com.manueljenni.poker.HandComparerTest" time="0.001"/>
  <testcase name="getWinningHand__Straight" classname="com.manueljenni.poker.HandComparerTest" time="0.001"/>
  <testcase name="getWinningHand__FullHouse" classname="com.manueljenni.poker.HandComparerTest" time="0.003"/>
  <testcase name="getWinningHand__TwoPairs" classname="com.manueljenni.poker.HandComparerTest" time="0.001"/>
  <testcase name="getWinningHand__PairEqual" classname="com.manueljenni.poker.HandComparerTest" time="0.001"/>
</testsuite>